[main] INFO  inetBanking  - URL is opened
[main] INFO  inetBanking  - Username Entered
[main] INFO  inetBanking  - Password Entered
[main] INFO  inetBanking  - Login testcase Passed
[main] INFO  inetBanking  - URL is opened
[main] INFO  inetBanking  - URL is opened
[main] INFO  inetBanking  - URL is opened
[main] INFO  inetBanking  - URL is opened
[main] INFO  inetBanking  - Username Entered
[main] INFO  inetBanking  - Password Entered
[main] INFO  inetBanking  - Login testcase Passed
[main] INFO  inetBanking  - URL is opened
[main] INFO  inetBanking  - Username Entered
[main] INFO  inetBanking  - Password Entered
[main] INFO  inetBanking  - Login testcase Passed
[main] INFO  inetBanking  - URL is opened
[main] INFO  inetBanking  - Username Entered
[main] INFO  inetBanking  - Password Entered
[main] INFO  inetBanking  - Login testcase Passed
[main] INFO  inetBanking  - URL is opened
[main] INFO  inetBanking  - Username Entered
[main] INFO  inetBanking  - Password Entered
[main] INFO  inetBanking  - URL is opened
[main] INFO  inetBanking  - Username Entered
[main] INFO  inetBanking  - Password Entered
[main] INFO  inetBanking  - URL is opened
[main] INFO  inetBanking  - Username Entered
[main] INFO  inetBanking  - Password Entered
[main] INFO  inetBanking  - URL is opened
[main] INFO  inetBanking  - Username Entered
[main] INFO  inetBanking  - Password Entered
[main] INFO  inetBanking  - URL is opened
[main] INFO  inetBanking  - Username Entered
[main] INFO  inetBanking  - Password Entered
[main] INFO  inetBanking  - URL is opened
[main] INFO  inetBanking  - Username Entered
[main] INFO  inetBanking  - Password Entered
[main] INFO  inetBanking  - URL is opened
[main] INFO  inetBanking  - Username Entered
[main] INFO  inetBanking  - Password Entered
[main] INFO  inetBanking  - Login testcase Passed
[main] INFO  inetBanking  - URL is opened
[main] INFO  inetBanking  - Username Entered
[main] INFO  inetBanking  - Password Entered
[main] INFO  inetBanking  - Login testcase Passed
[main] INFO  inetBanking  - URL is opened
[main] INFO  inetBanking  - Username Entered
[main] INFO  inetBanking  - Password Entered
[main] INFO  inetBanking  - Login testcase Passed
[main] INFO  inetBanking  - URL is opened
[main] INFO  inetBanking  - Username Entered
[main] INFO  inetBanking  - Password Entered
[main] INFO  inetBanking  - Login testcase Passed
[TestNG-tests-1] INFO  inetBanking  - URL is opened
[TestNG-tests-1] INFO  inetBanking  - Username Entered
[TestNG-tests-1] INFO  inetBanking  - Password Entered
[TestNG-tests-1] INFO  inetBanking  - Login testcase Passed
[main] INFO  inetBanking  - URL is opened
[main] INFO  inetBanking  - Username Entered
[main] INFO  inetBanking  - Password Entered
[main] INFO  inetBanking  - Login testcase Passed
[main] INFO  inetBanking  - URL is opened
[main] INFO  inetBanking  - Username Entered
[main] INFO  inetBanking  - Password Entered
[main] INFO  inetBanking  - Login testcase Passed
[main] INFO  inetBanking  - URL is opened
[main] INFO  inetBanking  - Username Entered
[main] INFO  inetBanking  - Password Entered
[main] INFO  inetBanking  - Login testcase Passed
[main] INFO  inetBanking  - URL is opened
[main] INFO  inetBanking  - Username Entered
[main] INFO  inetBanking  - Password Entered
[main] INFO  inetBanking  - Login testcase Passed
[main] INFO  inetBanking  - URL is opened
[main] INFO  inetBanking  - Username Entered
[main] INFO  inetBanking  - Password Entered
[main] INFO  inetBanking  - Login testcase Passed
[main] INFO  inetBanking  - URL is opened
[main] INFO  inetBanking  - Username Entered
[main] INFO  inetBanking  - Password Entered
[main] INFO  inetBanking  - Login testcase Passed
[main] INFO  inetBanking  - URL is opened
[main] INFO  inetBanking  - Username Entered
[main] INFO  inetBanking  - Password Entered
[main] INFO  inetBanking  - Login testcase Passed
[main] INFO  inetBanking  - URL is opened
[main] INFO  inetBanking  - Username Entered
[main] INFO  inetBanking  - Password Entered
[main] INFO  inetBanking  - Login testcase Passed
[main] INFO  inetBanking  - URL is opened
[main] INFO  inetBanking  - Username Entered
[main] INFO  inetBanking  - Password Entered
[main] INFO  inetBanking  - Login testcase Passed
[main] INFO  inetBanking  - URL is opened
[main] INFO  inetBanking  - Username Entered
[main] INFO  inetBanking  - Password Entered
[main] INFO  inetBanking  - Login testcase Passed
[main] INFO  inetBanking  - URL is opened
[main] INFO  inetBanking  - Username Entered
[main] INFO  inetBanking  - Password Entered
[main] INFO  inetBanking  - Login testcase Passed
[main] INFO  inetBanking  - URL is opened
[main] INFO  inetBanking  - Username Entered
[main] INFO  inetBanking  - Password Entered
[main] INFO  inetBanking  - Login testcase Passed
[main] INFO  inetBanking  - URL is opened
[main] INFO  inetBanking  - Username Entered
[main] INFO  inetBanking  - Password Entered
[main] INFO  inetBanking  - Login testcase Passed
[main] INFO  inetBanking  - URL is opened
[main] INFO  inetBanking  - Username Entered
[main] INFO  inetBanking  - Password Entered
[main] INFO  inetBanking  - Login testcase Passed
[main] INFO  inetBanking  - URL is opened
[main] INFO  inetBanking  - Username Entered
[main] INFO  inetBanking  - Password Entered
[main] INFO  inetBanking  - Login testcase Passed
[main] INFO  inetBanking  - URL is opened
[main] INFO  inetBanking  - Username Entered
[main] INFO  inetBanking  - Password Entered
[main] INFO  inetBanking  - Login testcase Passed
[main] INFO  inetBanking  - URL is opened
[main] INFO  inetBanking  - Username Entered
[main] INFO  inetBanking  - Password Entered
[main] INFO  inetBanking  - Login testcase Passed
[main] INFO  inetBanking  - URL is opened
[main] INFO  inetBanking  - Username Entered
[main] INFO  inetBanking  - Password Entered
[main] INFO  inetBanking  - Login testcase Passed
[main] INFO  inetBanking  - URL is opened
[main] INFO  inetBanking  - Username Entered
[main] INFO  inetBanking  - Password Entered
[main] INFO  inetBanking  - Login testcase Passed
[main] INFO  inetBanking  - URL is opened
[main] INFO  inetBanking  - Username Entered
[main] INFO  inetBanking  - Password Entered
[main] INFO  inetBanking  - Login testcase Passed
[main] INFO  inetBanking  - URL is opened
[main] INFO  inetBanking  - Username Entered
[main] INFO  inetBanking  - Password Entered
[main] INFO  inetBanking  - Login testcase Passed
[main] INFO  inetBanking  - URL is opened
[main] INFO  inetBanking  - Username Entered
[main] INFO  inetBanking  - Password Entered
[main] INFO  inetBanking  - Login testcase Passed
[main] INFO  inetBanking  - URL is opened
[main] INFO  inetBanking  - Username Entered
[main] INFO  inetBanking  - Password Entered
[main] INFO  inetBanking  - Login testcase Passed
[main] INFO  inetBanking  - URL is opened
[main] INFO  inetBanking  - Username Entered
[main] INFO  inetBanking  - Password Entered
[main] INFO  inetBanking  - Login testcase Passed
[main] INFO  inetBanking  - URL is opened
[main] INFO  inetBanking  - Username Entered
[main] INFO  inetBanking  - Password Entered
[main] INFO  inetBanking  - Login testcase Passed
[main] INFO  inetBanking  - URL is opened
[main] INFO  inetBanking  - Username Entered
[main] INFO  inetBanking  - Password Entered
[main] INFO  inetBanking  - Login testcase Passed
[main] INFO  inetBanking  - URL is opened
[main] INFO  inetBanking  - Username Entered
[main] INFO  inetBanking  - Password Entered
[main] INFO  inetBanking  - Login testcase Passed
[main] INFO  inetBanking  - URL is opened
[main] INFO  inetBanking  - Username Entered
[main] INFO  inetBanking  - Password Entered
[main] INFO  inetBanking  - Login testcase Passed
[main] INFO  inetBanking  - URL is opened
[main] INFO  inetBanking  - Username Entered
[main] INFO  inetBanking  - Password Entered
[main] INFO  inetBanking  - Login testcase Passed
[main] INFO  inetBanking  - URL is opened
[main] INFO  inetBanking  - Username Entered
[main] INFO  inetBanking  - Password Entered
[main] INFO  inetBanking  - URL is opened
[main] INFO  inetBanking  - Username Entered
[main] INFO  inetBanking  - Password Entered
[main] INFO  inetBanking  - URL is opened
[main] INFO  inetBanking  - Username Entered
[main] INFO  inetBanking  - Password Entered
[main] INFO  inetBanking  - URL is opened
[main] INFO  inetBanking  - Username Entered
[main] INFO  inetBanking  - Password Entered
[main] INFO  inetBanking  - URL is opened
[main] INFO  inetBanking  - URL is opened
[main] INFO  inetBanking  - Username Entered
[main] INFO  inetBanking  - URL is opened
[main] INFO  inetBanking  - Username Entered
[main] INFO  inetBanking  - Password Entered
[main] INFO  inetBanking  - URL is opened
[main] INFO  inetBanking  - Username Entered
[main] INFO  inetBanking  - Password Entered
[main] INFO  inetBanking  - URL is opened
[main] INFO  inetBanking  - Username Entered
[main] INFO  inetBanking  - Password Entered
[main] INFO  inetBanking  - Login testcase Passed
[TestNG-tests-1] INFO  inetBanking  - URL is opened
[TestNG-tests-1] INFO  inetBanking  - Username Entered
[TestNG-tests-1] INFO  inetBanking  - Password Entered
[TestNG-tests-1] INFO  inetBanking  - Login testcase Passed
[TestNG-tests-1] INFO  inetBanking  - URL is opened
[TestNG-tests-1] INFO  inetBanking  - Username Entered
[TestNG-tests-1] INFO  inetBanking  - Password Entered
[TestNG-tests-1] INFO  inetBanking  - URL is opened
[TestNG-tests-1] INFO  inetBanking  - Username Entered
[TestNG-tests-1] INFO  inetBanking  - Password Entered
[TestNG-tests-1] INFO  inetBanking  - Login testcase Passed
[TestNG-tests-1] INFO  inetBanking  - URL is opened
[TestNG-tests-1] INFO  inetBanking  - Username Entered
[TestNG-tests-1] INFO  inetBanking  - Password Entered
[TestNG-tests-1] INFO  inetBanking  - URL is opened
[TestNG-tests-1] INFO  inetBanking  - URL is opened
[TestNG-tests-1] INFO  inetBanking  - Username Entered
[TestNG-tests-1] INFO  inetBanking  - Password Entered
[TestNG-tests-1] INFO  inetBanking  - Login testcase Passed
[TestNG-tests-1] INFO  inetBanking  - URL is opened
[TestNG-tests-1] INFO  inetBanking  - Username Entered
[TestNG-tests-1] INFO  inetBanking  - Password Entered
[TestNG-tests-1] INFO  inetBanking  - URL is opened
[TestNG-tests-1] INFO  inetBanking  - Username Entered
[TestNG-tests-1] INFO  inetBanking  - Password Entered
[TestNG-tests-1] INFO  inetBanking  - Login testcase Passed
[TestNG-tests-1] INFO  inetBanking  - URL is opened
[TestNG-tests-1] INFO  inetBanking  - Username Entered
[TestNG-tests-1] INFO  inetBanking  - Password Entered
[TestNG-tests-1] INFO  inetBanking  - URL is opened
[TestNG-tests-1] INFO  inetBanking  - Username Entered
[TestNG-tests-1] INFO  inetBanking  - Password Entered
[TestNG-tests-1] INFO  inetBanking  - Login testcase Passed
[TestNG-tests-1] INFO  inetBanking  - URL is opened
[TestNG-tests-1] INFO  inetBanking  - Username Entered
[TestNG-tests-1] INFO  inetBanking  - Password Entered
[TestNG-tests-1] INFO  inetBanking  - URL is opened
[TestNG-tests-1] INFO  inetBanking  - Username Entered
[TestNG-tests-1] INFO  inetBanking  - Password Entered
[TestNG-tests-1] INFO  inetBanking  - Login testcase Passed
[TestNG-tests-1] INFO  inetBanking  - URL is opened
[TestNG-tests-1] INFO  inetBanking  - Username Entered
[TestNG-tests-1] INFO  inetBanking  - Password Entered
[TestNG-tests-1] INFO  inetBanking  - URL is opened
[TestNG-tests-1] INFO  inetBanking  - Username Entered
[TestNG-tests-1] INFO  inetBanking  - Password Entered
[TestNG-tests-1] INFO  inetBanking  - Login testcase Passed
[TestNG-tests-1] INFO  inetBanking  - URL is opened
[TestNG-tests-1] INFO  inetBanking  - Username Entered
[TestNG-tests-1] INFO  inetBanking  - Password Entered
[TestNG-tests-1] INFO  inetBanking  - URL is opened
[TestNG-tests-1] INFO  inetBanking  - Username Entered
[TestNG-tests-1] INFO  inetBanking  - Password Entered
[TestNG-tests-1] INFO  inetBanking  - Login testcase Passed
[TestNG-tests-1] INFO  inetBanking  - URL is opened
[TestNG-tests-1] INFO  inetBanking  - Username Entered
[TestNG-tests-1] INFO  inetBanking  - Password Entered
